<?xml version="1.0" encoding="UTF-8"?>
<!-- Generated by org.testng.reporters.JUnitReportReporter -->
<testsuite hostname="LAPTOP-PGKH17MD" failures="0" tests="1" name="TestCases.TC_02_Test" time="0.008" errors="0" timestamp="2023-01-06T13:01:09 IST" skipped="0">
  <testcase classname="TestCases.TC_02_Test" name="m2" time="0.008"/>
  <system-out>
    <![CDATA[TC_02 running]]>
  </system-out>
</testsuite> <!-- TestCases.TC_02_Test -->
